<?xml version="1.0" encoding="UTF-8"?>
<!-- Generated by org.testng.reporters.JUnitXMLReporter -->
<testsuite ignored="0" hostname="DESKTOP-H09M8GD" failures="3" tests="3" name="Command line test" time="0.054" errors="0" timestamp="2024-03-07T21:00:22 IST">
  <testcase classname="Petstore.api.automation.PetstoreDataCreationTest" name="i_add_a_new_pet_with_the_provided_dataTest" time="0.004">
    <failure type="java.lang.RuntimeException" message="Test not implemented">
      <![CDATA[java.lang.RuntimeException: Test not implemented
at Petstore.api.automation.PetstoreDataCreationTest.i_add_a_new_pet_with_the_provided_dataTest(PetstoreDataCreationTest.java:9)
at java.base/java.util.ArrayList.forEach(ArrayList.java:1511)
... Removed 36 stack frames]]>
    </failure>
  </testcase> <!-- i_add_a_new_pet_with_the_provided_dataTest -->
  <testcase classname="Petstore.api.automation.PetstoreDataCreationTest" name="i_have_pet_data_in_the_following_JSON_fileTest" time="0.0">
    <failure type="java.lang.RuntimeException" message="Test not implemented">
      <![CDATA[java.lang.RuntimeException: Test not implemented
at Petstore.api.automation.PetstoreDataCreationTest.i_have_pet_data_in_the_following_JSON_fileTest(PetstoreDataCreationTest.java:14)
at java.base/java.util.ArrayList.forEach(ArrayList.java:1511)
... Removed 36 stack frames]]>
    </failure>
  </testcase> <!-- i_have_pet_data_in_the_following_JSON_fileTest -->
  <testcase classname="Petstore.api.automation.PetstoreDataCreationTest" name="the_response_status_code_should_beTest" time="0.0">
    <failure type="java.lang.RuntimeException" message="Test not implemented">
      <![CDATA[java.lang.RuntimeException: Test not implemented
at Petstore.api.automation.PetstoreDataCreationTest.the_response_status_code_should_beTest(PetstoreDataCreationTest.java:19)
at java.base/java.util.ArrayList.forEach(ArrayList.java:1511)
... Removed 36 stack frames]]>
    </failure>
  </testcase> <!-- the_response_status_code_should_beTest -->
</testsuite> <!-- Command line test -->
